0 verbose cli /usr/bin/node /usr/bin/npm
1 info using npm@9.2.0
2 info using node@v18.19.1
3 timing npm:load:whichnode Completed in 0ms
4 timing config:load:defaults Completed in 2ms
5 timing config:load:file:/usr/share/nodejs/npm/npmrc Completed in 7ms
6 timing config:load:builtin Completed in 7ms
7 timing config:load:cli Completed in 4ms
8 timing config:load:env Completed in 0ms
9 timing config:load:file:/home/ubuntu/node-js-sample/.npmrc Completed in 0ms
10 timing config:load:project Completed in 2ms
11 timing config:load:file:/home/ubuntu/.npmrc Completed in 0ms
12 timing config:load:user Completed in 1ms
13 timing config:load:file:/etc/npmrc Completed in 0ms
14 timing config:load:global Completed in 0ms
15 timing config:load:setEnvs Completed in 2ms
16 timing config:load Completed in 18ms
17 timing npm:load:configload Completed in 18ms
18 timing npm:load:mkdirpcache Completed in 0ms
19 timing npm:load:mkdirplogs Completed in 0ms
20 verbose title npm install
21 verbose argv "install" "--yes"
22 timing npm:load:setTitle Completed in 2ms
23 timing config:load:flatten Completed in 5ms
24 timing npm:load:display Completed in 7ms
25 verbose logfile logs-max:10 dir:/home/ubuntu/.npm/_logs/2026-04-17T19_00_37_587Z-
26 verbose logfile /home/ubuntu/.npm/_logs/2026-04-17T19_00_37_587Z-debug-0.log
27 timing npm:load:logFile Completed in 10ms
28 timing npm:load:timers Completed in 0ms
29 timing npm:load:configScope Completed in 0ms
30 timing npm:load Completed in 38ms
31 silly logfile done cleaning log files
32 timing config:load:flatten Completed in 1ms
33 timing arborist:ctor Completed in 1ms
34 timing idealTree:init Completed in 106ms
35 timing idealTree:userRequests Completed in 1ms
36 silly idealTree buildDeps
37 timing idealTree:#root Completed in 0ms
38 timing idealTree:buildDeps Completed in 2ms
39 timing idealTree:fixDepFlags Completed in 1ms
40 warn EBADENGINE Unsupported engine {
40 warn EBADENGINE   package: 'node-js-sample@0.2.0',
40 warn EBADENGINE   required: { node: '4.0.0' },
40 warn EBADENGINE   current: { node: 'v18.19.1', npm: '9.2.0' }
40 warn EBADENGINE }
41 timing idealTree Completed in 120ms
42 timing arborist:ctor Completed in 0ms
43 timing reify:loadTrees Completed in 178ms
44 timing reify:diffTrees Completed in 5ms
45 silly reify moves {}
46 timing reify:retireShallow Completed in 0ms
47 timing reify:createSparse Completed in 0ms
48 timing reify:loadBundles Completed in 0ms
49 silly audit bulk request {
49 silly audit   accepts: [ '1.3.8' ],
49 silly audit   'array-flatten': [ '1.1.1' ],
49 silly audit   'body-parser': [ '1.20.4' ],
49 silly audit   bytes: [ '3.1.2' ],
49 silly audit   'call-bind-apply-helpers': [ '1.0.2' ],
49 silly audit   'call-bound': [ '1.0.4' ],
49 silly audit   'content-disposition': [ '0.5.4' ],
49 silly audit   'content-type': [ '1.0.5' ],
49 silly audit   cookie: [ '0.7.2' ],
49 silly audit   'cookie-signature': [ '1.0.7' ],
49 silly audit   debug: [ '2.6.9' ],
49 silly audit   depd: [ '2.0.0' ],
49 silly audit   destroy: [ '1.2.0' ],
49 silly audit   'dunder-proto': [ '1.0.1' ],
49 silly audit   'ee-first': [ '1.1.1' ],
49 silly audit   encodeurl: [ '2.0.0' ],
49 silly audit   'es-define-property': [ '1.0.1' ],
49 silly audit   'es-errors': [ '1.3.0' ],
49 silly audit   'es-object-atoms': [ '1.1.1' ],
49 silly audit   'escape-html': [ '1.0.3' ],
49 silly audit   etag: [ '1.8.1' ],
49 silly audit   express: [ '4.22.1' ],
49 silly audit   finalhandler: [ '1.3.2' ],
49 silly audit   forwarded: [ '0.2.0' ],
49 silly audit   fresh: [ '0.5.2' ],
49 silly audit   'function-bind': [ '1.1.2' ],
49 silly audit   'get-intrinsic': [ '1.3.0' ],
49 silly audit   'get-proto': [ '1.0.1' ],
49 silly audit   gopd: [ '1.2.0' ],
49 silly audit   'has-symbols': [ '1.1.0' ],
49 silly audit   hasown: [ '2.0.2' ],
49 silly audit   'http-errors': [ '2.0.1' ],
49 silly audit   'iconv-lite': [ '0.4.24' ],
49 silly audit   inherits: [ '2.0.4' ],
49 silly audit   'ipaddr.js': [ '1.9.1' ],
49 silly audit   'math-intrinsics': [ '1.1.0' ],
49 silly audit   'media-typer': [ '0.3.0' ],
49 silly audit   'merge-descriptors': [ '1.0.3' ],
49 silly audit   methods: [ '1.1.2' ],
49 silly audit   mime: [ '1.6.0' ],
49 silly audit   'mime-db': [ '1.52.0' ],
49 silly audit   'mime-types': [ '2.1.35' ],
49 silly audit   ms: [ '2.0.0', '2.1.3' ],
49 silly audit   negotiator: [ '0.6.3' ],
49 silly audit   'object-inspect': [ '1.13.4' ],
49 silly audit   'on-finished': [ '2.4.1' ],
49 silly audit   parseurl: [ '1.3.3' ],
49 silly audit   'path-to-regexp': [ '0.1.13' ],
49 silly audit   'proxy-addr': [ '2.0.7' ],
49 silly audit   qs: [ '6.14.2' ],
49 silly audit   'range-parser': [ '1.2.1' ],
49 silly audit   'raw-body': [ '2.5.3' ],
49 silly audit   'safe-buffer': [ '5.2.1' ],
49 silly audit   'safer-buffer': [ '2.1.2' ],
49 silly audit   send: [ '0.19.2' ],
49 silly audit   'serve-static': [ '1.16.3' ],
49 silly audit   setprototypeof: [ '1.2.0' ],
49 silly audit   'side-channel': [ '1.1.0' ],
49 silly audit   'side-channel-list': [ '1.0.1' ],
49 silly audit   'side-channel-map': [ '1.0.1' ],
49 silly audit   'side-channel-weakmap': [ '1.0.2' ],
49 silly audit   statuses: [ '2.0.2' ],
49 silly audit   toidentifier: [ '1.0.1' ],
49 silly audit   'type-is': [ '1.6.18' ],
49 silly audit   unpipe: [ '1.0.0' ],
49 silly audit   'utils-merge': [ '1.0.1' ],
49 silly audit   vary: [ '1.1.2' ]
49 silly audit }
50 timing reify:unpack Completed in 3ms
51 timing reify:unretire Completed in 0ms
52 timing build:queue Completed in 0ms
53 timing build:deps Completed in 1ms
54 timing build Completed in 1ms
55 timing reify:build Completed in 1ms
56 timing reify:trash Completed in 0ms
57 timing reify:save Completed in 32ms
58 http fetch POST 200 https://registry.npmjs.org/-/npm/v1/security/advisories/bulk 316ms
59 timing auditReport:getReport Completed in 320ms
60 silly audit report {}
61 timing auditReport:init Completed in 0ms
62 timing reify:audit Completed in 321ms
63 timing reify Completed in 510ms
64 timing command:install Completed in 525ms
65 verbose exit 0
66 timing npm Completed in 591ms
67 info ok
